{"level":"info","message":"Compresscrm instantiated","timestamp":"2025-07-29T07:46:01.449Z"}
{"level":"info","message":"Compresscrm instantiated","timestamp":"2025-07-29T07:47:43.918Z"}
{"level":"info","message":"Compresscrm instantiated","timestamp":"2025-07-29T07:47:50.060Z"}
{"level":"info","message":"Compresscrm instantiated","timestamp":"2025-07-29T07:50:04.653Z"}
{"level":"info","message":"Compresscrm instantiated","timestamp":"2025-07-29T08:31:23.573Z"}
{"level":"info","message":"Compresscrm instantiated","timestamp":"2025-07-29T08:31:38.761Z"}
{"level":"info","message":"Compresscrm instantiated","timestamp":"2025-07-29T09:31:39.710Z"}
{"level":"info","message":"Compresscrm instantiated","timestamp":"2025-07-29T09:31:43.804Z"}
{"error":{"name":"SequelizeDatabaseError","original":{"code":"42P01","file":"parse_relation.c","length":119,"line":"1395","name":"error","position":"13","routine":"parserOpenTable","severity":"ERROR","sql":"INSERT INTO system_user_activity (user_activity, uuid, activity_timestamp, module, type) \n             VALUES ('#2575eca5-9781-4e11-9578-501e32bb160d Login', '2575eca5-9781-4e11-9578-501e32bb160d', CURRENT_TIMESTAMP, 'System', 'Login')"},"parameters":{},"parent":{"code":"42P01","file":"parse_relation.c","length":119,"line":"1395","name":"error","position":"13","routine":"parserOpenTable","severity":"ERROR","sql":"INSERT INTO system_user_activity (user_activity, uuid, activity_timestamp, module, type) \n             VALUES ('#2575eca5-9781-4e11-9578-501e32bb160d Login', '2575eca5-9781-4e11-9578-501e32bb160d', CURRENT_TIMESTAMP, 'System', 'Login')"},"sql":"INSERT INTO system_user_activity (user_activity, uuid, activity_timestamp, module, type) \n             VALUES ('#2575eca5-9781-4e11-9578-501e32bb160d Login', '2575eca5-9781-4e11-9578-501e32bb160d', CURRENT_TIMESTAMP, 'System', 'Login')"},"level":"error","message":"Error occurred in loguseractivity","timestamp":"2025-07-29T09:40:38.502Z"}
{"level":"info","message":"Token blacklisted: eyJhbGciOiJIUzI1NiIsInR5cCI6IkpXVCJ9.eyJ1c2VySWQiOiIyNTc1ZWNhNS05NzgxLTRlMTEtOTU3OC01MDFlMzJiYjE2MGQiLCJzZWNyZXRLZXkiOiJIWVVHNk1UUlBFWEQ0M1JSTVJNR1dJS1NNSlNYR1FaWSIsImlhdCI6MTc1Mzc4MjAzOCwiZXhwIjoxNzUzODY4NDM4fQ.80nVyJf6dGNUB64zwZQe2wSEFMYBrUACu05w2Z-pzvQ","timestamp":"2025-07-29T09:41:05.273Z"}
{"error":{"name":"SequelizeDatabaseError","original":{"code":"42P01","file":"parse_relation.c","length":119,"line":"1395","name":"error","position":"13","routine":"parserOpenTable","severity":"ERROR","sql":"INSERT INTO system_user_activity (user_activity, uuid, activity_timestamp, module, type) \n             VALUES ('#2575eca5-9781-4e11-9578-501e32bb160d Login', '2575eca5-9781-4e11-9578-501e32bb160d', CURRENT_TIMESTAMP, 'System', 'Login')"},"parameters":{},"parent":{"code":"42P01","file":"parse_relation.c","length":119,"line":"1395","name":"error","position":"13","routine":"parserOpenTable","severity":"ERROR","sql":"INSERT INTO system_user_activity (user_activity, uuid, activity_timestamp, module, type) \n             VALUES ('#2575eca5-9781-4e11-9578-501e32bb160d Login', '2575eca5-9781-4e11-9578-501e32bb160d', CURRENT_TIMESTAMP, 'System', 'Login')"},"sql":"INSERT INTO system_user_activity (user_activity, uuid, activity_timestamp, module, type) \n             VALUES ('#2575eca5-9781-4e11-9578-501e32bb160d Login', '2575eca5-9781-4e11-9578-501e32bb160d', CURRENT_TIMESTAMP, 'System', 'Login')"},"level":"error","message":"Error occurred in loguseractivity","timestamp":"2025-07-29T09:41:44.965Z"}
{"level":"info","message":"Token blacklisted: eyJhbGciOiJIUzI1NiIsInR5cCI6IkpXVCJ9.eyJ1c2VySWQiOiIyNTc1ZWNhNS05NzgxLTRlMTEtOTU3OC01MDFlMzJiYjE2MGQiLCJzZWNyZXRLZXkiOiJIWVVHNk1UUlBFWEQ0M1JSTVJNR1dJS1NNSlNYR1FaWSIsImlhdCI6MTc1Mzc4MjEwNCwiZXhwIjoxNzUzODY4NTA0fQ.bXnZJUZRlp6uGo7_gwCqVfi0bnk0MEltGei60XZ6E8k","timestamp":"2025-07-29T09:41:57.100Z"}
{"error":{"name":"SequelizeDatabaseError","original":{"code":"42P01","file":"parse_relation.c","length":119,"line":"1395","name":"error","position":"13","routine":"parserOpenTable","severity":"ERROR","sql":"INSERT INTO system_user_activity (user_activity, uuid, activity_timestamp, module, type) \n             VALUES ('#2575eca5-9781-4e11-9578-501e32bb160d Login', '2575eca5-9781-4e11-9578-501e32bb160d', CURRENT_TIMESTAMP, 'System', 'Login')"},"parameters":{},"parent":{"code":"42P01","file":"parse_relation.c","length":119,"line":"1395","name":"error","position":"13","routine":"parserOpenTable","severity":"ERROR","sql":"INSERT INTO system_user_activity (user_activity, uuid, activity_timestamp, module, type) \n             VALUES ('#2575eca5-9781-4e11-9578-501e32bb160d Login', '2575eca5-9781-4e11-9578-501e32bb160d', CURRENT_TIMESTAMP, 'System', 'Login')"},"sql":"INSERT INTO system_user_activity (user_activity, uuid, activity_timestamp, module, type) \n             VALUES ('#2575eca5-9781-4e11-9578-501e32bb160d Login', '2575eca5-9781-4e11-9578-501e32bb160d', CURRENT_TIMESTAMP, 'System', 'Login')"},"level":"error","message":"Error occurred in loguseractivity","timestamp":"2025-07-29T09:42:42.129Z"}
{"level":"info","message":"Token blacklisted: eyJhbGciOiJIUzI1NiIsInR5cCI6IkpXVCJ9.eyJ1c2VySWQiOiIyNTc1ZWNhNS05NzgxLTRlMTEtOTU3OC01MDFlMzJiYjE2MGQiLCJzZWNyZXRLZXkiOiJIWVVHNk1UUlBFWEQ0M1JSTVJNR1dJS1NNSlNYR1FaWSIsImlhdCI6MTc1Mzc4MjE2MiwiZXhwIjoxNzUzODY4NTYyfQ.tEeFI-ECTF4JZgEEKiLybdM_PMhsSCh9tazUFnd0AgM","timestamp":"2025-07-29T09:55:49.411Z"}
{"level":"info","message":"Token blacklisted: eyJhbGciOiJIUzI1NiIsInR5cCI6IkpXVCJ9.eyJ1c2VySWQiOiIyNTc1ZWNhNS05NzgxLTRlMTEtOTU3OC01MDFlMzJiYjE2MGQiLCJzZWNyZXRLZXkiOiJIWVVHNk1UUlBFWEQ0M1JSTVJNR1dJS1NNSlNYR1FaWSIsImlhdCI6MTc1Mzc4Mjk3NCwiZXhwIjoxNzUzODY5Mzc0fQ.RcZHNnNXX0WLMo-TEC39aIs7Y8rrEhYspTYJ6kS-pAk","timestamp":"2025-07-29T10:05:46.640Z"}
{"level":"info","message":"Token blacklisted: eyJhbGciOiJIUzI1NiIsInR5cCI6IkpXVCJ9.eyJ1c2VySWQiOiIyNTc1ZWNhNS05NzgxLTRlMTEtOTU3OC01MDFlMzJiYjE2MGQiLCJzZWNyZXRLZXkiOiJIWVVHNk1UUlBFWEQ0M1JSTVJNR1dJS1NNSlNYR1FaWSIsImlhdCI6MTc1Mzc4MzYyNiwiZXhwIjoxNzUzODcwMDI2fQ.KWtmfsBbHMiZzhNgnquCg1wZUKHHB2NfUaX-wI2aQ9s","timestamp":"2025-07-29T10:07:15.881Z"}
{"level":"info","message":"Compresscrm instantiated","timestamp":"2025-07-29T10:26:40.402Z"}
{"level":"info","message":"Compresscrm instantiated","timestamp":"2025-07-29T10:26:46.432Z"}
{"level":"info","message":"Compresscrm instantiated","timestamp":"2025-07-29T10:27:32.014Z"}
{"level":"info","message":"Compresscrm instantiated","timestamp":"2025-07-29T10:56:59.230Z"}
{"level":"info","message":"Compresscrm instantiated","timestamp":"2025-07-29T12:13:45.802Z"}
{"level":"info","message":"Compresscrm instantiated","timestamp":"2025-07-29T12:16:48.159Z"}
{"level":"info","message":"Compresscrm instantiated","timestamp":"2025-07-29T12:16:54.669Z"}
{"level":"info","message":"Compresscrm instantiated","timestamp":"2025-07-29T12:23:30.756Z"}
{"error":{"name":"SequelizeDatabaseError","original":{"code":"22P02","file":"numutils.c","length":141,"line":"235","name":"error","position":"47","routine":"pg_strtoint32","severity":"ERROR","sql":"INSERT INTO category (id, name)\n      VALUES ('66a671b8-e16a-4751-a780-a3a2a0716d0d', 'ghjgjhghgg')\n      RETURNING id, name;"},"parameters":{},"parent":{"code":"22P02","file":"numutils.c","length":141,"line":"235","name":"error","position":"47","routine":"pg_strtoint32","severity":"ERROR","sql":"INSERT INTO category (id, name)\n      VALUES ('66a671b8-e16a-4751-a780-a3a2a0716d0d', 'ghjgjhghgg')\n      RETURNING id, name;"},"sql":"INSERT INTO category (id, name)\n      VALUES ('66a671b8-e16a-4751-a780-a3a2a0716d0d', 'ghjgjhghgg')\n      RETURNING id, name;"},"level":"error","message":"Create category error:","timestamp":"2025-07-29T12:23:35.112Z"}
{"level":"info","message":"Compresscrm instantiated","timestamp":"2025-07-29T12:27:15.251Z"}
{"level":"info","message":"Compresscrm instantiated","timestamp":"2025-07-29T12:28:59.837Z"}
{"level":"info","message":"Compresscrm instantiated","timestamp":"2025-07-29T12:31:44.199Z"}
{"level":"info","message":"Compresscrm instantiated","timestamp":"2025-07-29T12:52:00.905Z"}
{"error":{},"level":"error","message":"Delete category error:","timestamp":"2025-07-29T12:57:03.559Z"}
{"level":"info","message":"Compresscrm instantiated","timestamp":"2025-07-29T13:02:20.250Z"}
