{"level":"info","message":"Systemuser instantiated","timestamp":"2025-07-15T06:36:25.051Z"}
{"level":"info","message":"Systemuser instantiated","timestamp":"2025-07-15T06:36:45.411Z"}
{"level":"info","message":"Systemuser instantiated","timestamp":"2025-07-15T06:43:05.736Z"}
{"level":"info","message":"Systemuser instantiated","timestamp":"2025-07-15T06:44:10.104Z"}
{"level":"info","message":"Systemuser instantiated","timestamp":"2025-07-15T06:47:15.358Z"}
{"level":"info","message":"Systemuser instantiated","timestamp":"2025-07-15T06:47:42.634Z"}
{"level":"info","message":"Systemuser instantiated","timestamp":"2025-07-15T06:47:56.947Z"}
{"level":"info","message":"Systemuser instantiated","timestamp":"2025-07-15T07:31:48.270Z"}
{"level":"info","message":"Systemuser instantiated","timestamp":"2025-07-15T07:33:38.745Z"}
{"level":"info","message":"Systemuser instantiated","timestamp":"2025-07-15T07:42:32.087Z"}
{"level":"info","message":"Systemuser instantiated","timestamp":"2025-07-15T07:42:52.384Z"}
{"level":"info","message":"Systemuser instantiated","timestamp":"2025-07-15T07:43:04.978Z"}
{"level":"info","message":"Systemuser instantiated","timestamp":"2025-07-15T07:43:14.959Z"}
{"level":"info","message":"Compresscrm instantiated","timestamp":"2025-07-15T07:43:24.006Z"}
{"level":"info","message":"Compresscrm instantiated","timestamp":"2025-07-15T08:33:05.454Z"}
{"level":"info","message":"Compresscrm instantiated","timestamp":"2025-07-15T08:33:48.707Z"}
{"level":"info","message":"Compresscrm instantiated","timestamp":"2025-07-15T08:35:06.202Z"}
{"level":"info","message":"Compresscrm instantiated","timestamp":"2025-07-15T08:35:50.008Z"}
{"level":"info","message":"Compresscrm instantiated","timestamp":"2025-07-15T08:36:25.868Z"}
{"level":"info","message":"Compresscrm instantiated","timestamp":"2025-07-15T08:37:10.070Z"}
{"error":{"name":"SequelizeDatabaseError","original":{"code":"42P01","file":"parse_relation.c","length":115,"line":"1452","name":"error","position":"27","routine":"parserOpenTable","severity":"ERROR","sql":"SELECT permission_id FROM role_permissions WHERE role_id = 3;"},"parameters":{},"parent":{"code":"42P01","file":"parse_relation.c","length":115,"line":"1452","name":"error","position":"27","routine":"parserOpenTable","severity":"ERROR","sql":"SELECT permission_id FROM role_permissions WHERE role_id = 3;"},"sql":"SELECT permission_id FROM role_permissions WHERE role_id = 3;"},"level":"error","message":"Error occurred in createUser","timestamp":"2025-07-15T09:15:29.558Z"}
{"error":{"name":"SequelizeDatabaseError","original":{"code":"42P01","file":"parse_relation.c","length":108,"line":"1452","name":"error","position":"13","routine":"parserOpenTable","severity":"ERROR","sql":"INSERT INTO user_role (system_user_id, role_id)\n        VALUES ('4194b674-47b8-4367-a2c3-a917304d997d', 1);"},"parameters":{},"parent":{"code":"42P01","file":"parse_relation.c","length":108,"line":"1452","name":"error","position":"13","routine":"parserOpenTable","severity":"ERROR","sql":"INSERT INTO user_role (system_user_id, role_id)\n        VALUES ('4194b674-47b8-4367-a2c3-a917304d997d', 1);"},"sql":"INSERT INTO user_role (system_user_id, role_id)\n        VALUES ('4194b674-47b8-4367-a2c3-a917304d997d', 1);"},"level":"error","message":"Error occurred in createUser","timestamp":"2025-07-15T09:25:41.922Z"}
{"level":"info","message":"Compresscrm instantiated","timestamp":"2025-07-15T09:36:02.332Z"}
{"level":"info","message":"Compresscrm instantiated","timestamp":"2025-07-15T09:38:42.627Z"}
{"level":"info","message":"Compresscrm instantiated","timestamp":"2025-07-15T09:57:45.152Z"}
{"level":"info","message":"Compresscrm instantiated","timestamp":"2025-07-15T10:07:17.516Z"}
{"level":"info","message":"Compresscrm instantiated","timestamp":"2025-07-15T10:08:29.736Z"}
{"level":"info","message":"Compresscrm instantiated","timestamp":"2025-07-15T10:08:45.381Z"}
{"level":"info","message":"Compresscrm instantiated","timestamp":"2025-07-15T10:15:29.690Z"}
{"level":"info","message":"Token blacklisted: eyJhbGciOiJIUzI1NiIsInR5cCI6IkpXVCJ9.eyJ1c2VySWQiOiJmNTRmMzM1Ny0yY2FkLTRhOTMtOGI5Ny1hZWExZmJlZTJhYzgiLCJzZWNyZXRLZXkiOiJHVjJFT1RCRElJVUQ0MkxHSUE1SFVPS0dLSjVVQ0kyUiIsImlhdCI6MTc1MjU3NDU4MiwiZXhwIjoxNzUyNjYwOTgyfQ.Vovju_Q5M0TSYYJwTKoFoCVkekViox6QXR4losPSIcQ","timestamp":"2025-07-15T10:51:53.099Z"}
{"level":"info","message":"Token blacklisted: eyJhbGciOiJIUzI1NiIsInR5cCI6IkpXVCJ9.eyJ1c2VySWQiOiJmNTRmMzM1Ny0yY2FkLTRhOTMtOGI5Ny1hZWExZmJlZTJhYzgiLCJzZWNyZXRLZXkiOiJHVjJFT1RCRElJVUQ0MkxHSUE1SFVPS0dLSjVVQ0kyUiIsImlhdCI6MTc1MjU3OTI2NCwiZXhwIjoxNzUyNjY1NjY0fQ.GvWt1jn-a9V5t84w79GWyIVP_WddgsDznwD7d4CpqRg","timestamp":"2025-07-15T11:36:50.525Z"}
{"level":"info","message":"Token blacklisted: eyJhbGciOiJIUzI1NiIsInR5cCI6IkpXVCJ9.eyJ1c2VySWQiOiJmNTRmMzM1Ny0yY2FkLTRhOTMtOGI5Ny1hZWExZmJlZTJhYzgiLCJzZWNyZXRLZXkiOiJMWTNISVZDRkVGUERTWFJZTElYVFlRVFZLVlRHVzZTQyIsImlhdCI6MTc1MjU4MjM0NywiZXhwIjoxNzUyNjY4NzQ3fQ.xu_-LmmXLuWDApuAn1hMcBsb3MvjaF5OB3OuniGrnxg","timestamp":"2025-07-15T12:33:31.553Z"}
{"level":"info","message":"Token blacklisted: eyJhbGciOiJIUzI1NiIsInR5cCI6IkpXVCJ9.eyJ1c2VySWQiOiJmNTRmMzM1Ny0yY2FkLTRhOTMtOGI5Ny1hZWExZmJlZTJhYzgiLCJzZWNyZXRLZXkiOiJMWTNISVZDRkVGUERTWFJZTElYVFlRVFZLVlRHVzZTQyIsImlhdCI6MTc1MjU4MzI0OSwiZXhwIjoxNzUyNjY5NjQ5fQ.al_-boh1RZD2E2zJAQIzrzJjdRufqPomFBlDOHmq3VE","timestamp":"2025-07-15T12:41:23.850Z"}
